Release 14.2 Map P.28xd (nt64)
Xilinx Mapping Report File for Design 'Main'

Design Information
------------------
Command Line   : map -intstyle ise -p xc6slx9-csg324-3 -w -logic_opt off -ol
high -t 1 -xt 0 -register_duplication off -r 4 -global_opt off -mt off -ir off
-pr off -lc off -power off -o Main_map.ncd Main.ngd Main.pcf 
Target Device  : xc6slx9
Target Package : csg324
Target Speed   : -3
Mapper Version : spartan6 -- $Revision: 1.55 $
Mapped Date    : Sun Aug 27 18:21:43 2017

Design Summary
--------------
Number of errors:      0
Number of warnings:    1
Slice Logic Utilization:
  Number of Slice Registers:                   145 out of  11,440    1%
    Number used as Flip Flops:                 145
    Number used as Latches:                      0
    Number used as Latch-thrus:                  0
    Number used as AND/OR logics:                0
  Number of Slice LUTs:                        192 out of   5,720    3%
    Number used as logic:                      174 out of   5,720    3%
      Number using O6 output only:             130
      Number using O5 output only:              31
      Number using O5 and O6:                   13
      Number used as ROM:                        0
    Number used as Memory:                       1 out of   1,440    1%
      Number used as Dual Port RAM:              0
      Number used as Single Port RAM:            0
      Number used as Shift Register:             1
        Number using O6 output only:             1
        Number using O5 output only:             0
        Number using O5 and O6:                  0
    Number used exclusively as route-thrus:     17
      Number with same-slice register load:      2
      Number with same-slice carry load:         3
      Number with other load:                   12

Slice Logic Distribution:
  Number of occupied Slices:                    80 out of   1,430    5%
  Nummber of MUXCYs used:                       84 out of   2,860    2%
  Number of LUT Flip Flop pairs used:          223
    Number with an unused Flip Flop:            86 out of     223   38%
    Number with an unused LUT:                  31 out of     223   13%
    Number of fully used LUT-FF pairs:         106 out of     223   47%
    Number of unique control sets:              11
    Number of slice register sites lost
      to control set restrictions:              54 out of  11,440    1%

  A LUT Flip Flop pair for this architecture represents one LUT paired with
  one Flip Flop within a slice.  A control set is a unique combination of
  clock, reset, set, and enable signals for a registered element.
  The Slice Logic Distribution report is not meaningful if the design is
  over-mapped for a non-slice resource or if Placement fails.

IO Utilization:
  Number of bonded IOBs:                        33 out of     200   16%
    Number of LOCed IOBs:                       32 out of      33   96%

Specific Feature Utilization:
  Number of RAMB16BWERs:                         0 out of      32    0%
  Number of RAMB8BWERs:                          0 out of      64    0%
  Number of BUFIO2/BUFIO2_2CLKs:                 0 out of      32    0%
  Number of BUFIO2FB/BUFIO2FB_2CLKs:             0 out of      32    0%
  Number of BUFG/BUFGMUXs:                       1 out of      16    6%
    Number used as BUFGs:                        1
    Number used as BUFGMUX:                      0
  Number of DCM/DCM_CLKGENs:                     0 out of       4    0%
  Number of ILOGIC2/ISERDES2s:                   0 out of     200    0%
  Number of IODELAY2/IODRP2/IODRP2_MCBs:         0 out of     200    0%
  Number of OLOGIC2/OSERDES2s:                   0 out of     200    0%
  Number of BSCANs:                              0 out of       4    0%
  Number of BUFHs:                               0 out of     128    0%
  Number of BUFPLLs:                             0 out of       8    0%
  Number of BUFPLL_MCBs:                         0 out of       4    0%
  Number of DSP48A1s:                            2 out of      16   12%
  Number of ICAPs:                               0 out of       1    0%
  Number of MCBs:                                0 out of       2    0%
  Number of PCILOGICSEs:                         0 out of       2    0%
  Number of PLL_ADVs:                            0 out of       2    0%
  Number of PMVs:                                0 out of       1    0%
  Number of STARTUPs:                            0 out of       1    0%
  Number of SUSPEND_SYNCs:                       0 out of       1    0%

  Number of RPM macros:            3
Average Fanout of Non-Clock Nets:                2.34

Peak Memory Usage:  398 MB
Total REAL time to MAP completion:  18 secs 
Total CPU time to MAP completion:   11 secs 

Table of Contents
-----------------
Section 1 - Errors
Section 2 - Warnings
Section 3 - Informational
Section 4 - Removed Logic Summary
Section 5 - Removed Logic
Section 6 - IOB Properties
Section 7 - RPMs
Section 8 - Guide Report
Section 9 - Area Group and Partition Summary
Section 10 - Timing Report
Section 11 - Configuration String Information
Section 12 - Control Set Information
Section 13 - Utilization by Hierarchy

Section 1 - Errors
------------------

Section 2 - Warnings
--------------------
WARNING:Place:837 - Partially locked IO Bus is found. 
    Following components of the bus are not locked: 
   	 Comp: Data_Rx<8>


Section 3 - Informational
-------------------------
INFO:MapLib:564 - The following environment variables are currently set:
INFO:MapLib:591 - XIL_MAP_LOCWARN 	Value: 1
INFO:MapLib:159 - Net Timing constraints on signal CLK are pushed forward
   through input buffer.
INFO:Pack:1716 - Initializing temperature to 85.000 Celsius. (default - Range:
   0.000 to 85.000 Celsius)
INFO:Pack:1720 - Initializing voltage to 1.140 Volts. (default - Range: 1.140 to
   1.260 Volts)
INFO:Map:215 - The Interim Design Summary has been generated in the MAP Report
   (.mrp).
INFO:Place:834 - Only a subset of IOs are locked. Out of 33 IOs, 32 are locked
   and 1 are not locked. If you would like to print the names of these IOs,
   please set the environment variable XIL_PAR_DESIGN_CHECK_VERBOSE to 1. 
INFO:Pack:1650 - Map created a placed design.

Section 4 - Removed Logic Summary
---------------------------------
   2 block(s) optimized away

Section 5 - Removed Logic
-------------------------

Optimized Block(s):
TYPE 		BLOCK
VCC 		XLXI_54
GND 		XST_GND

To enable printing of redundant blocks removed and signals merged, set the
detailed map report option and rerun map.

Section 6 - IOB Properties
--------------------------

+---------------------------------------------------------------------------------------------------------------------------------------------------------+
| IOB Name                           | Type             | Direction | IO Standard          | Diff  | Drive    | Slew | Reg (s)      | Resistor | IOB      |
|                                    |                  |           |                      | Term  | Strength | Rate |              |          | Delay    |
+---------------------------------------------------------------------------------------------------------------------------------------------------------+
| A                                  | IOB              | OUTPUT    | LVCMOS33             |       | 8        | FAST |              |          |          |
| AA                                 | IOB              | OUTPUT    | LVCMOS33             |       | 8        | FAST |              |          |          |
| B                                  | IOB              | OUTPUT    | LVCMOS33             |       | 8        | FAST |              |          |          |
| BB                                 | IOB              | OUTPUT    | LVCMOS33             |       | 8        | FAST |              |          |          |
| C                                  | IOB              | OUTPUT    | LVCMOS33             |       | 8        | FAST |              |          |          |
| CC                                 | IOB              | OUTPUT    | LVCMOS33             |       | 8        | FAST |              |          |          |
| CLK                                | IOB              | INPUT     | LVCMOS33             |       |          |      |              |          |          |
| CLR                                | IOB              | INPUT     | LVCMOS33             |       |          |      |              | PULLUP   |          |
| CLR_Rx                             | IOB              | INPUT     | LVCMOS25             |       |          |      |              |          |          |
| Data_Rx<0>                         | IOB              | OUTPUT    | LVCMOS25             |       | 12       | SLOW |              |          |          |
| Data_Rx<1>                         | IOB              | OUTPUT    | LVCMOS25             |       | 12       | SLOW |              |          |          |
| Data_Rx<2>                         | IOB              | OUTPUT    | LVCMOS25             |       | 12       | SLOW |              |          |          |
| Data_Rx<3>                         | IOB              | OUTPUT    | LVCMOS25             |       | 12       | SLOW |              |          |          |
| Data_Rx<4>                         | IOB              | OUTPUT    | LVCMOS25             |       | 12       | SLOW |              |          |          |
| Data_Rx<5>                         | IOB              | OUTPUT    | LVCMOS25             |       | 12       | SLOW |              |          |          |
| Data_Rx<6>                         | IOB              | OUTPUT    | LVCMOS25             |       | 12       | SLOW |              |          |          |
| Data_Rx<7>                         | IOB              | OUTPUT    | LVCMOS25             |       | 12       | SLOW |              |          |          |
| Data_Rx<8>                         | IOB              | OUTPUT    | LVCMOS25             |       | 12       | SLOW |              |          |          |
| E_1                                | IOB              | INPUT     | LVCMOS33             |       |          |      |              |          |          |
| E_2                                | IOB              | INPUT     | LVCMOS33             |       |          |      |              |          |          |
| H1                                 | IOB              | INPUT     | LVCMOS33             |       |          |      |              |          |          |
| H2                                 | IOB              | INPUT     | LVCMOS33             |       |          |      |              |          |          |
| H3                                 | IOB              | INPUT     | LVCMOS33             |       |          |      |              |          |          |
| KpKd<0>                            | IOB              | INPUT     | LVCMOS33             |       |          |      |              | PULLUP   |          |
| KpKd<1>                            | IOB              | INPUT     | LVCMOS33             |       |          |      |              | PULLUP   |          |
| KpKd<2>                            | IOB              | INPUT     | LVCMOS33             |       |          |      |              | PULLUP   |          |
| KpKd<3>                            | IOB              | INPUT     | LVCMOS33             |       |          |      |              | PULLUP   |          |
| KpKd<4>                            | IOB              | INPUT     | LVCMOS33             |       |          |      |              | PULLUP   |          |
| KpKd<5>                            | IOB              | INPUT     | LVCMOS33             |       |          |      |              | PULLUP   |          |
| KpKd<6>                            | IOB              | INPUT     | LVCMOS33             |       |          |      |              | PULLUP   |          |
| KpKd<7>                            | IOB              | INPUT     | LVCMOS33             |       |          |      |              | PULLUP   |          |
| OUT_ser                            | IOB              | OUTPUT    | LVCMOS33             |       | 8        | FAST |              |          |          |
| Rx                                 | IOB              | INPUT     | LVCMOS33             |       |          |      |              |          |          |
+---------------------------------------------------------------------------------------------------------------------------------------------------------+

Section 7 - RPMs
----------------
XLXI_49/XLXI_33_XLXI_11_0               
XLXI_49/XLXI_34_XLXI_11_0               
XLXI_5/UUT_XLXI_11_0                    

Section 8 - Guide Report
------------------------
Guide not run on this design.

Section 9 - Area Group and Partition Summary
--------------------------------------------

Partition Implementation Status
-------------------------------

  No Partitions were found in this design.

-------------------------------

Area Group Information
----------------------

  No area groups were found in this design.

----------------------

Section 10 - Timing Report
--------------------------
A logic-level (pre-route) timing report can be generated by using Xilinx static
timing analysis tools, Timing Analyzer (GUI) or TRCE (command line), with the
mapped NCD and PCF files. Please note that this timing report will be generated
using estimated delay information. For accurate numbers, please generate a
timing report with the post Place and Route NCD file.

For more information about the Timing Analyzer, consult the Xilinx Timing
Analyzer Reference Manual; for more information about TRCE, consult the Xilinx
Command Line Tools User Guide "TRACE" chapter.

Section 11 - Configuration String Details
-----------------------------------------
Use the "-detail" map option to print out Configuration Strings

Section 12 - Control Set Information
------------------------------------
Use the "-detail" map option to print out Control Set Information.

Section 13 - Utilization by Hierarchy
-------------------------------------
Use the "-detail" map option to print out the Utilization by Hierarchy section.
