Release 14.2 - xst P.28xd (nt64)
Copyright (c) 1995-2012 Xilinx, Inc.  All rights reserved.
--> Parameter TMPDIR set to xst/projnav.tmp


Total REAL time to Xst completion: 0.00 secs
Total CPU time to Xst completion: 0.09 secs
 
--> Parameter xsthdpdir set to xst


Total REAL time to Xst completion: 0.00 secs
Total CPU time to Xst completion: 0.10 secs
 
--> Reading design: Sync_Transmitter_Baud_9.prj

TABLE OF CONTENTS
  1) Synthesis Options Summary
  2) HDL Compilation
  3) Design Hierarchy Analysis
  4) HDL Analysis
  5) HDL Synthesis
     5.1) HDL Synthesis Report
  6) Advanced HDL Synthesis
     6.1) Advanced HDL Synthesis Report
  7) Low Level Synthesis
  8) Partition Report
  9) Final Report
	9.1) Device utilization summary
	9.2) Partition Resource Summary
	9.3) TIMING REPORT


=========================================================================
*                      Synthesis Options Summary                        *
=========================================================================
---- Source Parameters
Input File Name                    : "Sync_Transmitter_Baud_9.prj"
Input Format                       : mixed
Ignore Synthesis Constraint File   : NO

---- Target Parameters
Output File Name                   : "Sync_Transmitter_Baud_9"
Output Format                      : NGC
Target Device                      : xc3s250e-5-cp132

---- Source Options
Top Module Name                    : Sync_Transmitter_Baud_9
Automatic FSM Extraction           : YES
FSM Encoding Algorithm             : Auto
Safe Implementation                : No
FSM Style                          : LUT
RAM Extraction                     : Yes
RAM Style                          : Auto
ROM Extraction                     : Yes
Mux Style                          : Auto
Decoder Extraction                 : YES
Priority Encoder Extraction        : Yes
Shift Register Extraction          : YES
Logical Shifter Extraction         : YES
XOR Collapsing                     : YES
ROM Style                          : Auto
Mux Extraction                     : Yes
Resource Sharing                   : YES
Asynchronous To Synchronous        : NO
Multiplier Style                   : LUT
Automatic Register Balancing       : No

---- Target Options
Add IO Buffers                     : YES
Global Maximum Fanout              : 100000
Add Generic Clock Buffer(BUFG)     : 16
Register Duplication               : YES
Slice Packing                      : YES
Optimize Instantiated Primitives   : NO
Use Clock Enable                   : Auto
Use Synchronous Set                : Auto
Use Synchronous Reset              : Auto
Pack IO Registers into IOBs        : Auto
Equivalent register Removal        : YES

---- General Options
Optimization Goal                  : Speed
Optimization Effort                : 1
Keep Hierarchy                     : No
Netlist Hierarchy                  : As_Optimized
RTL Output                         : Yes
Global Optimization                : AllClockNets
Read Cores                         : YES
Write Timing Constraints           : NO
Cross Clock Analysis               : NO
Hierarchy Separator                : /
Bus Delimiter                      : <>
Case Specifier                     : Maintain
Slice Utilization Ratio            : 100
BRAM Utilization Ratio             : 100
Verilog 2001                       : YES
Auto BRAM Packing                  : NO
Slice Utilization Ratio Delta      : 5

=========================================================================


=========================================================================
*                          HDL Compilation                              *
=========================================================================
Compiling verilog file "Sync_Transmitter_Baud_9.v" in library work
Module <Sync_Transmitter_Baud_9> compiled
No errors in compilation
Analysis of file <"Sync_Transmitter_Baud_9.prj"> succeeded.
 

=========================================================================
*                     Design Hierarchy Analysis                         *
=========================================================================
Analyzing hierarchy for module <Sync_Transmitter_Baud_9> in library <work>.


=========================================================================
*                            HDL Analysis                               *
=========================================================================
Analyzing top module <Sync_Transmitter_Baud_9>.
Module <Sync_Transmitter_Baud_9> is correct for synthesis.
 

=========================================================================
*                           HDL Synthesis                               *
=========================================================================

Performing bidirectional port resolution...

Synthesizing Unit <Sync_Transmitter_Baud_9>.
    Related source file is "Sync_Transmitter_Baud_9.v".
WARNING:Xst:646 - Signal <Parity_Bit> is assigned but never used. This unconnected signal will be trimmed during the optimization process.
    Found 1-bit register for signal <CLK_Baud>.
    Found 1-bit register for signal <CLK_Baud_O>.
    Found 1-bit register for signal <CLR_Flag>.
    Found 1-bit register for signal <CLR_Flag_O>.
    Found 11-bit up counter for signal <Count_Baud>.
    Found 4-bit register for signal <counter>.
    Found 4-bit adder for signal <counter$addsub0000> created at line 91.
    Found 4-bit comparator greatequal for signal <counter$cmp_ge0000> created at line 89.
    Found 4-bit comparator less for signal <counter$cmp_lt0000> created at line 89.
    Found 9-bit register for signal <Data_Reg>.
    Found 1-bit register for signal <OUT_ser_reg>.
    Found 1-bit xor9 for signal <Parity>.
    Found 1-bit register for signal <RST_O>.
    Found 1-bit register for signal <State>.
    Summary:
	inferred   1 Counter(s).
	inferred  20 D-type flip-flop(s).
	inferred   1 Adder/Subtractor(s).
	inferred   2 Comparator(s).
	inferred   1 Xor(s).
Unit <Sync_Transmitter_Baud_9> synthesized.


=========================================================================
HDL Synthesis Report

Macro Statistics
# Adders/Subtractors                                   : 1
 4-bit adder                                           : 1
# Counters                                             : 1
 11-bit up counter                                     : 1
# Registers                                            : 17
 1-bit register                                        : 16
 4-bit register                                        : 1
# Comparators                                          : 2
 4-bit comparator greatequal                           : 1
 4-bit comparator less                                 : 1
# Xors                                                 : 1
 1-bit xor9                                            : 1

=========================================================================

=========================================================================
*                       Advanced HDL Synthesis                          *
=========================================================================


=========================================================================
Advanced HDL Synthesis Report

Macro Statistics
# Adders/Subtractors                                   : 1
 4-bit adder                                           : 1
# Counters                                             : 1
 11-bit up counter                                     : 1
# Registers                                            : 20
 Flip-Flops                                            : 20
# Comparators                                          : 2
 4-bit comparator greatequal                           : 1
 4-bit comparator less                                 : 1
# Xors                                                 : 1
 1-bit xor9                                            : 1

=========================================================================

=========================================================================
*                         Low Level Synthesis                           *
=========================================================================

Optimizing unit <Sync_Transmitter_Baud_9> ...

Mapping all equations...
Building and optimizing final netlist ...
Found area constraint ratio of 100 (+ 5) on block Sync_Transmitter_Baud_9, actual ratio is 0.

Final Macro Processing ...

=========================================================================
Final Register Report

Macro Statistics
# Registers                                            : 31
 Flip-Flops                                            : 31

=========================================================================

=========================================================================
*                           Partition Report                            *
=========================================================================

Partition Implementation Status
-------------------------------

  No Partitions were found in this design.

-------------------------------

=========================================================================
*                            Final Report                               *
=========================================================================
Final Results
RTL Top Level Output File Name     : Sync_Transmitter_Baud_9.ngr
Top Level Output File Name         : Sync_Transmitter_Baud_9
Output Format                      : NGC
Optimization Goal                  : Speed
Keep Hierarchy                     : No

Design Statistics
# IOs                              : 5

Cell Usage :
# BELS                             : 64
#      GND                         : 1
#      INV                         : 3
#      LUT1                        : 10
#      LUT2                        : 2
#      LUT3                        : 3
#      LUT3_D                      : 3
#      LUT3_L                      : 1
#      LUT4                        : 17
#      LUT4_L                      : 2
#      MUXCY                       : 10
#      VCC                         : 1
#      XORCY                       : 11
# FlipFlops/Latches                : 31
#      FD                          : 8
#      FDRE                        : 13
#      FDSE                        : 10
# Clock Buffers                    : 1
#      BUFGP                       : 1
# IO Buffers                       : 4
#      IBUF                        : 2
#      OBUF                        : 2
=========================================================================

Device utilization summary:
---------------------------

Selected Device : 3s250ecp132-5 

 Number of Slices:                       25  out of   2448     1%  
 Number of Slice Flip Flops:             31  out of   4896     0%  
 Number of 4 input LUTs:                 41  out of   4896     0%  
 Number of IOs:                           5
 Number of bonded IOBs:                   5  out of     92     5%  
 Number of GCLKs:                         1  out of     24     4%  

---------------------------
Partition Resource Summary:
---------------------------

  No Partitions were found in this design.

---------------------------


=========================================================================
TIMING REPORT

NOTE: THESE TIMING NUMBERS ARE ONLY A SYNTHESIS ESTIMATE.
      FOR ACCURATE TIMING INFORMATION PLEASE REFER TO THE TRACE REPORT
      GENERATED AFTER PLACE-and-ROUTE.

Clock Information:
------------------
-----------------------------------+------------------------+-------+
Clock Signal                       | Clock buffer(FF name)  | Load  |
-----------------------------------+------------------------+-------+
CLK                                | BUFGP                  | 31    |
-----------------------------------+------------------------+-------+

Asynchronous Control Signals Information:
----------------------------------------
No asynchronous control signals found in this design

Timing Summary:
---------------
Speed Grade: -5

   Minimum period: 4.377ns (Maximum Frequency: 228.446MHz)
   Minimum input arrival time before clock: 5.189ns
   Maximum output required time after clock: 4.221ns
   Maximum combinational path delay: No path found

Timing Detail:
--------------
All values displayed in nanoseconds (ns)

=========================================================================
Timing constraint: Default period analysis for Clock 'CLK'
  Clock period: 4.377ns (frequency: 228.446MHz)
  Total number of paths / destination ports: 394 / 67
-------------------------------------------------------------------------
Delay:               4.377ns (Levels of Logic = 3)
  Source:            Count_Baud_5 (FF)
  Destination:       Count_Baud_0 (FF)
  Source Clock:      CLK rising
  Destination Clock: CLK rising

  Data Path: Count_Baud_5 to Count_Baud_0
                                Gate     Net
    Cell:in->out      fanout   Delay   Delay  Logical Name (Net Name)
    ----------------------------------------  ------------
     FDRE:C->Q             3   0.514   0.603  Count_Baud_5 (Count_Baud_5)
     LUT4:I0->O            1   0.612   0.360  Count_Baud_or000013 (Count_Baud_or000013)
     LUT4:I3->O           11   0.612   0.796  Count_Baud_or000067 (Count_Baud_or0000)
     LUT4:I3->O            1   0.612   0.000  Count_Baud_0_rstpot (Count_Baud_0_rstpot)
     FD:D                      0.268          Count_Baud_0
    ----------------------------------------
    Total                      4.377ns (2.618ns logic, 1.759ns route)
                                       (59.8% logic, 40.2% route)

=========================================================================
Timing constraint: Default OFFSET IN BEFORE for Clock 'CLK'
  Total number of paths / destination ports: 37 / 22
-------------------------------------------------------------------------
Offset:              5.189ns (Levels of Logic = 4)
  Source:            RST (PAD)
  Destination:       Count_Baud_0 (FF)
  Destination Clock: CLK rising

  Data Path: RST to Count_Baud_0
                                Gate     Net
    Cell:in->out      fanout   Delay   Delay  Logical Name (Net Name)
    ----------------------------------------  ------------
     IBUF:I->O             4   1.106   0.651  RST_IBUF (RST_IBUF)
     LUT2:I0->O            2   0.612   0.532  CLK_Baud_and00001 (CLK_Baud_and0000)
     LUT4:I0->O           11   0.612   0.796  Count_Baud_or000067 (Count_Baud_or0000)
     LUT4:I3->O            1   0.612   0.000  Count_Baud_0_rstpot (Count_Baud_0_rstpot)
     FD:D                      0.268          Count_Baud_0
    ----------------------------------------
    Total                      5.189ns (3.210ns logic, 1.979ns route)
                                       (61.9% logic, 38.1% route)

=========================================================================
Timing constraint: Default OFFSET OUT AFTER for Clock 'CLK'
  Total number of paths / destination ports: 2 / 2
-------------------------------------------------------------------------
Offset:              4.221ns (Levels of Logic = 1)
  Source:            CLK_Baud (FF)
  Destination:       CLK_Baud (PAD)
  Source Clock:      CLK rising

  Data Path: CLK_Baud to CLK_Baud
                                Gate     Net
    Cell:in->out      fanout   Delay   Delay  Logical Name (Net Name)
    ----------------------------------------  ------------
     FDRE:C->Q             5   0.514   0.538  CLK_Baud (CLK_Baud_OBUF)
     OBUF:I->O                 3.169          CLK_Baud_OBUF (CLK_Baud)
    ----------------------------------------
    Total                      4.221ns (3.683ns logic, 0.538ns route)
                                       (87.3% logic, 12.7% route)

=========================================================================


Total REAL time to Xst completion: 5.00 secs
Total CPU time to Xst completion: 4.74 secs
 
--> 

Total memory usage is 286292 kilobytes

Number of errors   :    0 (   0 filtered)
Number of warnings :    1 (   0 filtered)
Number of infos    :    0 (   0 filtered)

