Release 14.2 - xst P.28xd (nt)
Copyright (c) 1995-2012 Xilinx, Inc.  All rights reserved.
--> Parameter TMPDIR set to xst/projnav.tmp


Total REAL time to Xst completion: 0.00 secs
Total CPU time to Xst completion: 0.17 secs
 
--> Parameter xsthdpdir set to xst


Total REAL time to Xst completion: 0.00 secs
Total CPU time to Xst completion: 0.17 secs
 
--> Reading design: decade_counter_new.prj

TABLE OF CONTENTS
  1) Synthesis Options Summary
  2) HDL Compilation
  3) Design Hierarchy Analysis
  4) HDL Analysis
  5) HDL Synthesis
     5.1) HDL Synthesis Report
  6) Advanced HDL Synthesis
     6.1) Advanced HDL Synthesis Report
  7) Low Level Synthesis
  8) Partition Report
  9) Final Report
	9.1) Device utilization summary
	9.2) Partition Resource Summary
	9.3) TIMING REPORT


=========================================================================
*                      Synthesis Options Summary                        *
=========================================================================
---- Source Parameters
Input File Name                    : "decade_counter_new.prj"
Input Format                       : mixed
Ignore Synthesis Constraint File   : NO

---- Target Parameters
Output File Name                   : "decade_counter_new"
Output Format                      : NGC
Target Device                      : xc3s250e-5-cp132

---- Source Options
Top Module Name                    : decade_counter_new
Automatic FSM Extraction           : YES
FSM Encoding Algorithm             : Auto
Safe Implementation                : No
FSM Style                          : LUT
RAM Extraction                     : Yes
RAM Style                          : Auto
ROM Extraction                     : Yes
Mux Style                          : Auto
Decoder Extraction                 : YES
Priority Encoder Extraction        : Yes
Shift Register Extraction          : YES
Logical Shifter Extraction         : YES
XOR Collapsing                     : YES
ROM Style                          : Auto
Mux Extraction                     : Yes
Resource Sharing                   : YES
Asynchronous To Synchronous        : NO
Multiplier Style                   : Auto
Automatic Register Balancing       : No

---- Target Options
Add IO Buffers                     : YES
Global Maximum Fanout              : 100000
Add Generic Clock Buffer(BUFG)     : 24
Register Duplication               : YES
Slice Packing                      : YES
Optimize Instantiated Primitives   : NO
Use Clock Enable                   : Yes
Use Synchronous Set                : Yes
Use Synchronous Reset              : Yes
Pack IO Registers into IOBs        : Auto
Equivalent register Removal        : YES

---- General Options
Optimization Goal                  : Speed
Optimization Effort                : 1
Keep Hierarchy                     : No
Netlist Hierarchy                  : As_Optimized
RTL Output                         : Yes
Global Optimization                : AllClockNets
Read Cores                         : YES
Write Timing Constraints           : NO
Cross Clock Analysis               : NO
Hierarchy Separator                : /
Bus Delimiter                      : <>
Case Specifier                     : Maintain
Slice Utilization Ratio            : 100
BRAM Utilization Ratio             : 100
Verilog 2001                       : YES
Auto BRAM Packing                  : NO
Slice Utilization Ratio Delta      : 5

=========================================================================


=========================================================================
*                          HDL Compilation                              *
=========================================================================
Compiling verilog file "Reg_4bit.vf" in library work
Compiling verilog file "Add_sub_4bit.vf" in library work
Module <Reg_4bit> compiled
Compiling verilog file "decade_counter_new.vf" in library work
Module <Add_sub_4bit> compiled
Module <Reg_4bit_MUSER_decade_counter_new> compiled
Module <Add_sub_4bit_MUSER_decade_counter_new> compiled
Module <decade_counter_new> compiled
No errors in compilation
Analysis of file <"decade_counter_new.prj"> succeeded.
 

=========================================================================
*                     Design Hierarchy Analysis                         *
=========================================================================
Analyzing hierarchy for module <decade_counter_new> in library <work>.

Analyzing hierarchy for module <Add_sub_4bit_MUSER_decade_counter_new> in library <work>.

Analyzing hierarchy for module <Reg_4bit_MUSER_decade_counter_new> in library <work>.


=========================================================================
*                            HDL Analysis                               *
=========================================================================
Analyzing top module <decade_counter_new>.
Module <decade_counter_new> is correct for synthesis.
 
    Set user-defined property "INIT =  0" for instance <XLXI_50> in unit <decade_counter_new>.
    Set user-defined property "INIT =  0" for instance <XLXI_51> in unit <decade_counter_new>.
Analyzing module <Add_sub_4bit_MUSER_decade_counter_new> in library <work>.
Module <Add_sub_4bit_MUSER_decade_counter_new> is correct for synthesis.
 
Analyzing module <Reg_4bit_MUSER_decade_counter_new> in library <work>.
Module <Reg_4bit_MUSER_decade_counter_new> is correct for synthesis.
 
    Set user-defined property "INIT =  0" for instance <XLXI_11> in unit <Reg_4bit_MUSER_decade_counter_new>.
    Set user-defined property "INIT =  0" for instance <XLXI_12> in unit <Reg_4bit_MUSER_decade_counter_new>.
    Set user-defined property "INIT =  0" for instance <XLXI_13> in unit <Reg_4bit_MUSER_decade_counter_new>.
    Set user-defined property "INIT =  0" for instance <XLXI_14> in unit <Reg_4bit_MUSER_decade_counter_new>.

=========================================================================
*                           HDL Synthesis                               *
=========================================================================

Performing bidirectional port resolution...

Synthesizing Unit <Add_sub_4bit_MUSER_decade_counter_new>.
    Related source file is "decade_counter_new.vf".
Unit <Add_sub_4bit_MUSER_decade_counter_new> synthesized.


Synthesizing Unit <Reg_4bit_MUSER_decade_counter_new>.
    Related source file is "decade_counter_new.vf".
Unit <Reg_4bit_MUSER_decade_counter_new> synthesized.


Synthesizing Unit <decade_counter_new>.
    Related source file is "decade_counter_new.vf".
Unit <decade_counter_new> synthesized.


=========================================================================
HDL Synthesis Report

Found no macro
=========================================================================

=========================================================================
*                       Advanced HDL Synthesis                          *
=========================================================================


=========================================================================
Advanced HDL Synthesis Report

Macro Statistics
# Registers                                            : 6
 Flip-Flops                                            : 6

=========================================================================

=========================================================================
*                         Low Level Synthesis                           *
=========================================================================

Optimizing unit <decade_counter_new> ...

Optimizing unit <Add_sub_4bit_MUSER_decade_counter_new> ...

Mapping all equations...
Building and optimizing final netlist ...
Found area constraint ratio of 100 (+ 5) on block decade_counter_new, actual ratio is 0.

Final Macro Processing ...

=========================================================================
Final Register Report

Macro Statistics
# Registers                                            : 6
 Flip-Flops                                            : 6

=========================================================================

=========================================================================
*                           Partition Report                            *
=========================================================================

Partition Implementation Status
-------------------------------

  No Partitions were found in this design.

-------------------------------

=========================================================================
*                            Final Report                               *
=========================================================================
Final Results
RTL Top Level Output File Name     : decade_counter_new.ngr
Top Level Output File Name         : decade_counter_new
Output Format                      : NGC
Optimization Goal                  : Speed
Keep Hierarchy                     : No

Design Statistics
# IOs                              : 4

Cell Usage :
# BELS                             : 20
#      AND2                        : 4
#      GND                         : 1
#      INV                         : 4
#      XOR2                        : 11
# FlipFlops/Latches                : 6
#      FD                          : 2
#      FDCE                        : 4
# Clock Buffers                    : 1
#      BUFGP                       : 1
# IO Buffers                       : 3
#      IBUF                        : 2
#      OBUF                        : 1
# Logical                          : 1
#      NAND4                       : 1
=========================================================================

Device utilization summary:
---------------------------

Selected Device : 3s250ecp132-5 

 Number of Slices:                        3  out of   2448     0%  
 Number of Slice Flip Flops:              6  out of   4896     0%  
 Number of 4 input LUTs:                  4  out of   4896     0%  
 Number of IOs:                           4
 Number of bonded IOBs:                   4  out of     92     4%  
 Number of GCLKs:                         1  out of     24     4%  

---------------------------
Partition Resource Summary:
---------------------------

  No Partitions were found in this design.

---------------------------


=========================================================================
TIMING REPORT

NOTE: THESE TIMING NUMBERS ARE ONLY A SYNTHESIS ESTIMATE.
      FOR ACCURATE TIMING INFORMATION PLEASE REFER TO THE TRACE REPORT
      GENERATED AFTER PLACE-and-ROUTE.

Clock Information:
------------------
-----------------------------------+------------------------+-------+
Clock Signal                       | Clock buffer(FF name)  | Load  |
-----------------------------------+------------------------+-------+
CLK                                | BUFGP                  | 6     |
-----------------------------------+------------------------+-------+

Asynchronous Control Signals Information:
----------------------------------------
-----------------------------------+------------------------+-------+
Control Signal                     | Buffer(FF name)        | Load  |
-----------------------------------+------------------------+-------+
cllr(XLXI_53:O)                    | NONE(XLXI_49/XLXI_11)  | 4     |
-----------------------------------+------------------------+-------+

Timing Summary:
---------------
Speed Grade: -5

   Minimum period: 6.124ns (Maximum Frequency: 163.285MHz)
   Minimum input arrival time before clock: 3.057ns
   Maximum output required time after clock: 6.024ns
   Maximum combinational path delay: No path found

Timing Detail:
--------------
All values displayed in nanoseconds (ns)

=========================================================================
Timing constraint: Default period analysis for Clock 'CLK'
  Clock period: 6.124ns (frequency: 163.285MHz)
  Total number of paths / destination ports: 27 / 9
-------------------------------------------------------------------------
Delay:               6.124ns (Levels of Logic = 5)
  Source:            XLXI_49/XLXI_14 (FF)
  Destination:       XLXI_49/XLXI_11 (FF)
  Source Clock:      CLK rising
  Destination Clock: CLK rising

  Data Path: XLXI_49/XLXI_14 to XLXI_49/XLXI_11
                                Gate     Net
    Cell:in->out      fanout   Delay   Delay  Logical Name (Net Name)
    ----------------------------------------  ------------
     FDCE:C->Q             2   0.514   0.380  XLXI_49/XLXI_14 (XLXN_109)
     XOR2:I1->O            3   0.612   0.451  XLXI_1/XLXI_9 (XLXI_1/XLXN_52)
     AND2:I1->O            2   0.612   0.380  XLXI_1/XLXI_35 (XLXI_1/XLXN_55)
     AND2:I1->O            1   0.612   0.357  XLXI_1/XLXI_34 (XLXI_1/XLXN_57)
     XOR2:I1->O            1   0.612   0.357  XLXI_1/XLXI_15 (XLXI_1/XLXN_66)
     XOR2:I1->O            1   0.612   0.357  XLXI_1/XLXI_41 (XLXN_114)
     FDCE:D                    0.268          XLXI_49/XLXI_11
    ----------------------------------------
    Total                      6.124ns (3.842ns logic, 2.282ns route)
                                       (62.7% logic, 37.3% route)

=========================================================================
Timing constraint: Default OFFSET IN BEFORE for Clock 'CLK'
  Total number of paths / destination ports: 5 / 5
-------------------------------------------------------------------------
Offset:              3.057ns (Levels of Logic = 2)
  Source:            CE (PAD)
  Destination:       XLXI_49/XLXI_14 (FF)
  Destination Clock: CLK rising

  Data Path: CE to XLXI_49/XLXI_14
                                Gate     Net
    Cell:in->out      fanout   Delay   Delay  Logical Name (Net Name)
    ----------------------------------------  ------------
     IBUF:I->O             1   1.106   0.357  CE_IBUF (CE_IBUF)
     AND2:I0->O            4   0.612   0.499  XLXI_56 (XLXN_213)
     FDCE:CE                   0.483          XLXI_49/XLXI_11
    ----------------------------------------
    Total                      3.057ns (2.201ns logic, 0.856ns route)
                                       (72.0% logic, 28.0% route)

=========================================================================
Timing constraint: Default OFFSET OUT AFTER for Clock 'CLK'
  Total number of paths / destination ports: 4 / 1
-------------------------------------------------------------------------
Offset:              6.024ns (Levels of Logic = 3)
  Source:            XLXI_49/XLXI_13 (FF)
  Destination:       OUT_f (PAD)
  Source Clock:      CLK rising

  Data Path: XLXI_49/XLXI_13 to OUT_f
                                Gate     Net
    Cell:in->out      fanout   Delay   Delay  Logical Name (Net Name)
    ----------------------------------------  ------------
     FDCE:C->Q             2   0.514   0.380  XLXI_49/XLXI_13 (XLXN_48)
     INV:I->O              1   0.612   0.357  XLXI_55 (XLXN_208)
     NAND4:I1->O           2   0.612   0.380  XLXI_45 (OUT_f_OBUF)
     OBUF:I->O                 3.169          OUT_f_OBUF (OUT_f)
    ----------------------------------------
    Total                      6.024ns (4.907ns logic, 1.117ns route)
                                       (81.5% logic, 18.5% route)

=========================================================================


Total REAL time to Xst completion: 4.00 secs
Total CPU time to Xst completion: 4.18 secs
 
--> 

Total memory usage is 189812 kilobytes

Number of errors   :    0 (   0 filtered)
Number of warnings :    0 (   0 filtered)
Number of infos    :    0 (   0 filtered)

