Release 14.2 - ngc2edif P.28xd (nt64)
Copyright (c) 1995-2012 Xilinx, Inc.  All rights reserved.
Reading design test_usart.ngc ...
WARNING:NetListWriters:298 - No output is written to test_usart.xncf, ignored.
Processing design ...
   Preping design's networks ...
   Preping design's macros ...
  finished :Prep
Writing EDIF netlist file test_usart.edif ...
ngc2edif: Total memory usage is 79604 kilobytes

Release 14.2 - ngc2edif P.28xd (nt64)
Copyright (c) 1995-2012 Xilinx, Inc.  All rights reserved.
Reading design test_usart.ngc ...
WARNING:NetListWriters:298 - No output is written to test_usart.xncf, ignored.
Processing design ...
   Preping design's networks ...
   Preping design's macros ...
  finished :Prep
Writing EDIF netlist file test_usart.edif ...
ngc2edif: Total memory usage is 80116 kilobytes

Release 14.2 - ngc2edif P.28xd (nt64)
Copyright (c) 1995-2012 Xilinx, Inc.  All rights reserved.
Reading design test_usart.ngc ...
WARNING:NetListWriters:298 - No output is written to test_usart.xncf, ignored.
Processing design ...
   Preping design's networks ...
   Preping design's macros ...
  finished :Prep
Writing EDIF netlist file test_usart.edif ...
ngc2edif: Total memory usage is 84836 kilobytes

