Release 14.2 - xst P.28xd (nt64)
Copyright (c) 1995-2012 Xilinx, Inc.  All rights reserved.
--> Parameter TMPDIR set to xst/projnav.tmp


Total REAL time to Xst completion: 1.00 secs
Total CPU time to Xst completion: 0.35 secs
 
--> Parameter xsthdpdir set to xst


Total REAL time to Xst completion: 1.00 secs
Total CPU time to Xst completion: 0.35 secs
 
--> Reading design: Sync_Transmitter.prj

TABLE OF CONTENTS
  1) Synthesis Options Summary
  2) HDL Compilation
  3) Design Hierarchy Analysis
  4) HDL Analysis
  5) HDL Synthesis
     5.1) HDL Synthesis Report
  6) Advanced HDL Synthesis
     6.1) Advanced HDL Synthesis Report
  7) Low Level Synthesis
  8) Partition Report
  9) Final Report
	9.1) Device utilization summary
	9.2) Partition Resource Summary
	9.3) TIMING REPORT


=========================================================================
*                      Synthesis Options Summary                        *
=========================================================================
---- Source Parameters
Input File Name                    : "Sync_Transmitter.prj"
Input Format                       : mixed
Ignore Synthesis Constraint File   : NO

---- Target Parameters
Output File Name                   : "Sync_Transmitter"
Output Format                      : NGC
Target Device                      : xc3s250e-5-cp132

---- Source Options
Top Module Name                    : Sync_Transmitter
Automatic FSM Extraction           : YES
FSM Encoding Algorithm             : Auto
Safe Implementation                : No
FSM Style                          : LUT
RAM Extraction                     : Yes
RAM Style                          : Auto
ROM Extraction                     : Yes
Mux Style                          : Auto
Decoder Extraction                 : YES
Priority Encoder Extraction        : Yes
Shift Register Extraction          : YES
Logical Shifter Extraction         : YES
XOR Collapsing                     : YES
ROM Style                          : Auto
Mux Extraction                     : Yes
Resource Sharing                   : YES
Asynchronous To Synchronous        : NO
Multiplier Style                   : Auto
Automatic Register Balancing       : No

---- Target Options
Add IO Buffers                     : YES
Global Maximum Fanout              : 100000
Add Generic Clock Buffer(BUFG)     : 24
Register Duplication               : YES
Slice Packing                      : YES
Optimize Instantiated Primitives   : NO
Use Clock Enable                   : Yes
Use Synchronous Set                : Yes
Use Synchronous Reset              : Yes
Pack IO Registers into IOBs        : Auto
Equivalent register Removal        : YES

---- General Options
Optimization Goal                  : Speed
Optimization Effort                : 1
Keep Hierarchy                     : No
Netlist Hierarchy                  : As_Optimized
RTL Output                         : Yes
Global Optimization                : AllClockNets
Read Cores                         : YES
Write Timing Constraints           : NO
Cross Clock Analysis               : NO
Hierarchy Separator                : /
Bus Delimiter                      : <>
Case Specifier                     : Maintain
Slice Utilization Ratio            : 100
BRAM Utilization Ratio             : 100
Verilog 2001                       : YES
Auto BRAM Packing                  : NO
Slice Utilization Ratio Delta      : 5

=========================================================================


=========================================================================
*                          HDL Compilation                              *
=========================================================================
Compiling verilog file "Sync_Transmitter.v" in library work
Module <Sync_Transmitter> compiled
No errors in compilation
Analysis of file <"Sync_Transmitter.prj"> succeeded.
 

=========================================================================
*                     Design Hierarchy Analysis                         *
=========================================================================
Analyzing hierarchy for module <Sync_Transmitter> in library <work>.


=========================================================================
*                            HDL Analysis                               *
=========================================================================
Analyzing top module <Sync_Transmitter>.
Module <Sync_Transmitter> is correct for synthesis.
 

=========================================================================
*                           HDL Synthesis                               *
=========================================================================

Performing bidirectional port resolution...

Synthesizing Unit <Sync_Transmitter>.
    Related source file is "Sync_Transmitter.v".
    Found 1-bit register for signal <CLK_Baud_O>.
    Found 1-bit register for signal <CLR_O>.
    Found 4-bit register for signal <counter>.
    Found 4-bit adder for signal <counter$addsub0000> created at line 61.
    Found 8-bit register for signal <Data_Reg>.
    Found 1-bit register for signal <OUT_ser_reg>.
    Found 1-bit xor8 for signal <Parity>.
    Found 1-bit register for signal <Parity_Bit>.
    Found 1-bit register for signal <State>.
    Summary:
	inferred  17 D-type flip-flop(s).
	inferred   1 Adder/Subtractor(s).
	inferred   1 Xor(s).
Unit <Sync_Transmitter> synthesized.


=========================================================================
HDL Synthesis Report

Macro Statistics
# Adders/Subtractors                                   : 1
 4-bit adder                                           : 1
# Registers                                            : 14
 1-bit register                                        : 13
 4-bit register                                        : 1
# Xors                                                 : 1
 1-bit xor8                                            : 1

=========================================================================

=========================================================================
*                       Advanced HDL Synthesis                          *
=========================================================================


=========================================================================
Advanced HDL Synthesis Report

Macro Statistics
# Adders/Subtractors                                   : 1
 4-bit adder                                           : 1
# Registers                                            : 17
 Flip-Flops                                            : 17
# Xors                                                 : 1
 1-bit xor8                                            : 1

=========================================================================

=========================================================================
*                         Low Level Synthesis                           *
=========================================================================

Optimizing unit <Sync_Transmitter> ...

Mapping all equations...
Building and optimizing final netlist ...
Found area constraint ratio of 100 (+ 5) on block Sync_Transmitter, actual ratio is 0.

Final Macro Processing ...

Processing Unit <Sync_Transmitter> :
	Found 8-bit shift register for signal <Data_Reg_0>.
Unit <Sync_Transmitter> processed.

=========================================================================
Final Register Report

Macro Statistics
# Registers                                            : 9
 Flip-Flops                                            : 9
# Shift Registers                                      : 1
 8-bit shift register                                  : 1

=========================================================================

=========================================================================
*                           Partition Report                            *
=========================================================================

Partition Implementation Status
-------------------------------

  No Partitions were found in this design.

-------------------------------

=========================================================================
*                            Final Report                               *
=========================================================================
Final Results
RTL Top Level Output File Name     : Sync_Transmitter.ngr
Top Level Output File Name         : Sync_Transmitter
Output Format                      : NGC
Optimization Goal                  : Speed
Keep Hierarchy                     : No

Design Statistics
# IOs                              : 13

Cell Usage :
# BELS                             : 20
#      GND                         : 1
#      LUT2                        : 3
#      LUT3                        : 5
#      LUT3_D                      : 1
#      LUT4                        : 6
#      LUT4_L                      : 3
#      VCC                         : 1
# FlipFlops/Latches                : 10
#      FD                          : 2
#      FDE                         : 7
#      FDRE                        : 1
# Shift Registers                  : 1
#      SRL16E                      : 1
# Clock Buffers                    : 1
#      BUFGP                       : 1
# IO Buffers                       : 12
#      IBUF                        : 11
#      OBUF                        : 1
=========================================================================

Device utilization summary:
---------------------------

Selected Device : 3s250ecp132-5 

 Number of Slices:                       10  out of   2448     0%  
 Number of Slice Flip Flops:             10  out of   4896     0%  
 Number of 4 input LUTs:                 19  out of   4896     0%  
    Number used as logic:                18
    Number used as Shift registers:       1
 Number of IOs:                          13
 Number of bonded IOBs:                  13  out of     92    14%  
 Number of GCLKs:                         1  out of     24     4%  

---------------------------
Partition Resource Summary:
---------------------------

  No Partitions were found in this design.

---------------------------


=========================================================================
TIMING REPORT

NOTE: THESE TIMING NUMBERS ARE ONLY A SYNTHESIS ESTIMATE.
      FOR ACCURATE TIMING INFORMATION PLEASE REFER TO THE TRACE REPORT
      GENERATED AFTER PLACE-and-ROUTE.

Clock Information:
------------------
-----------------------------------+------------------------+-------+
Clock Signal                       | Clock buffer(FF name)  | Load  |
-----------------------------------+------------------------+-------+
CLK                                | BUFGP                  | 11    |
-----------------------------------+------------------------+-------+

Asynchronous Control Signals Information:
----------------------------------------
No asynchronous control signals found in this design

Timing Summary:
---------------
Speed Grade: -5

   Minimum period: 3.776ns (Maximum Frequency: 264.834MHz)
   Minimum input arrival time before clock: 4.517ns
   Maximum output required time after clock: 5.373ns
   Maximum combinational path delay: No path found

Timing Detail:
--------------
All values displayed in nanoseconds (ns)

=========================================================================
Timing constraint: Default period analysis for Clock 'CLK'
  Clock period: 3.776ns (frequency: 264.834MHz)
  Total number of paths / destination ports: 65 / 17
-------------------------------------------------------------------------
Delay:               3.776ns (Levels of Logic = 2)
  Source:            State (FF)
  Destination:       Data_Reg_0 (FF)
  Source Clock:      CLK rising
  Destination Clock: CLK rising

  Data Path: State to Data_Reg_0
                                Gate     Net
    Cell:in->out      fanout   Delay   Delay  Logical Name (Net Name)
    ----------------------------------------  ------------
     FDRE:C->Q             6   0.514   0.572  State (State)
     LUT4:I3->O            3   0.612   0.603  counter_not000212 (OUT_ser_reg_not0001)
     LUT2:I0->O            2   0.612   0.380  Data_Reg_0_not00011 (Data_Reg_0_not0001)
     FDE:CE                    0.483          Data_Reg_0
    ----------------------------------------
    Total                      3.776ns (2.221ns logic, 1.555ns route)
                                       (58.8% logic, 41.2% route)

=========================================================================
Timing constraint: Default OFFSET IN BEFORE for Clock 'CLK'
  Total number of paths / destination ports: 39 / 17
-------------------------------------------------------------------------
Offset:              4.517ns (Levels of Logic = 3)
  Source:            Enable (PAD)
  Destination:       Data_Reg_0 (FF)
  Destination Clock: CLK rising

  Data Path: Enable to Data_Reg_0
                                Gate     Net
    Cell:in->out      fanout   Delay   Delay  Logical Name (Net Name)
    ----------------------------------------  ------------
     IBUF:I->O             6   1.106   0.721  Enable_IBUF (Enable_IBUF)
     LUT4:I0->O            3   0.612   0.603  counter_not000212 (OUT_ser_reg_not0001)
     LUT2:I0->O            2   0.612   0.380  Data_Reg_0_not00011 (Data_Reg_0_not0001)
     FDE:CE                    0.483          Data_Reg_0
    ----------------------------------------
    Total                      4.517ns (2.813ns logic, 1.704ns route)
                                       (62.3% logic, 37.7% route)

=========================================================================
Timing constraint: Default OFFSET OUT AFTER for Clock 'CLK'
  Total number of paths / destination ports: 2 / 1
-------------------------------------------------------------------------
Offset:              5.373ns (Levels of Logic = 2)
  Source:            State (FF)
  Destination:       OUT_ser (PAD)
  Source Clock:      CLK rising

  Data Path: State to OUT_ser
                                Gate     Net
    Cell:in->out      fanout   Delay   Delay  Logical Name (Net Name)
    ----------------------------------------  ------------
     FDRE:C->Q             6   0.514   0.721  State (State)
     LUT2:I0->O            1   0.612   0.357  OUT_ser1 (OUT_ser_OBUF)
     OBUF:I->O                 3.169          OUT_ser_OBUF (OUT_ser)
    ----------------------------------------
    Total                      5.373ns (4.295ns logic, 1.078ns route)
                                       (79.9% logic, 20.1% route)

=========================================================================


Total REAL time to Xst completion: 15.00 secs
Total CPU time to Xst completion: 15.18 secs
 
--> 

Total memory usage is 285764 kilobytes

Number of errors   :    0 (   0 filtered)
Number of warnings :    0 (   0 filtered)
Number of infos    :    0 (   0 filtered)

