Release 14.2 - xst P.28xd (nt64)
Copyright (c) 1995-2012 Xilinx, Inc.  All rights reserved.
--> Parameter TMPDIR set to xst/projnav.tmp


Total REAL time to Xst completion: 0.00 secs
Total CPU time to Xst completion: 0.12 secs
 
--> Parameter xsthdpdir set to xst


Total REAL time to Xst completion: 0.00 secs
Total CPU time to Xst completion: 0.12 secs
 
--> Reading design: usart_receiver.prj

TABLE OF CONTENTS
  1) Synthesis Options Summary
  2) HDL Compilation
  3) Design Hierarchy Analysis
  4) HDL Analysis
  5) HDL Synthesis
     5.1) HDL Synthesis Report
  6) Advanced HDL Synthesis
     6.1) Advanced HDL Synthesis Report
  7) Low Level Synthesis
  8) Partition Report
  9) Final Report
	9.1) Device utilization summary
	9.2) Partition Resource Summary
	9.3) TIMING REPORT


=========================================================================
*                      Synthesis Options Summary                        *
=========================================================================
---- Source Parameters
Input File Name                    : "usart_receiver.prj"
Input Format                       : mixed
Ignore Synthesis Constraint File   : NO

---- Target Parameters
Output File Name                   : "usart_receiver"
Output Format                      : NGC
Target Device                      : xc3s250e-5-cp132

---- Source Options
Top Module Name                    : usart_receiver
Automatic FSM Extraction           : YES
FSM Encoding Algorithm             : Auto
Safe Implementation                : No
FSM Style                          : LUT
RAM Extraction                     : Yes
RAM Style                          : Auto
ROM Extraction                     : Yes
Mux Style                          : Auto
Decoder Extraction                 : YES
Priority Encoder Extraction        : Yes
Shift Register Extraction          : YES
Logical Shifter Extraction         : YES
XOR Collapsing                     : YES
ROM Style                          : Auto
Mux Extraction                     : Yes
Resource Sharing                   : YES
Asynchronous To Synchronous        : NO
Multiplier Style                   : Auto
Automatic Register Balancing       : No

---- Target Options
Add IO Buffers                     : YES
Global Maximum Fanout              : 100000
Add Generic Clock Buffer(BUFG)     : 24
Register Duplication               : YES
Slice Packing                      : YES
Optimize Instantiated Primitives   : NO
Use Clock Enable                   : Yes
Use Synchronous Set                : Yes
Use Synchronous Reset              : Yes
Pack IO Registers into IOBs        : Auto
Equivalent register Removal        : YES

---- General Options
Optimization Goal                  : Speed
Optimization Effort                : 1
Keep Hierarchy                     : No
Netlist Hierarchy                  : As_Optimized
RTL Output                         : Yes
Global Optimization                : AllClockNets
Read Cores                         : YES
Write Timing Constraints           : NO
Cross Clock Analysis               : NO
Hierarchy Separator                : /
Bus Delimiter                      : <>
Case Specifier                     : Maintain
Slice Utilization Ratio            : 100
BRAM Utilization Ratio             : 100
Verilog 2001                       : YES
Auto BRAM Packing                  : NO
Slice Utilization Ratio Delta      : 5

=========================================================================


=========================================================================
*                          HDL Compilation                              *
=========================================================================
Compiling verilog file "Reg_4bit.vf" in library work
Compiling verilog file "Add_sub_4bit.vf" in library work
Module <Reg_4bit> compiled
Compiling verilog file "SIPO_reg.vf" in library work
Module <Add_sub_4bit> compiled
Compiling verilog file "Parity_gen.vf" in library work
Module <SIPO_reg> compiled
Compiling verilog file "outputreg_at_end_ofinput.vf" in library work
Module <Parity_gen> compiled
Compiling verilog file "nin_counter.vf" in library work
Module <outputreg_at_end_ofinput> compiled
Module <Reg_4bit_MUSER_nin_counter> compiled
Module <Add_sub_4bit_MUSER_nin_counter> compiled
Compiling verilog file "Digital_Filter.vf" in library work
Module <nin_counter> compiled
Module <FJKC_MXILINX_Digital_Filter> compiled
Compiling verilog file "usart_receiver.vf" in library work
Module <Digital_Filter> compiled
Module <outputreg_at_end_ofinput_MUSER_usart_receiver> compiled
Module <FJKC_MXILINX_usart_receiver> compiled
Module <Digital_Filter_MUSER_usart_receiver> compiled
Module <Reg_4bit_MUSER_usart_receiver> compiled
Module <Add_sub_4bit_MUSER_usart_receiver> compiled
Module <nin_counter_MUSER_usart_receiver> compiled
Module <SIPO_reg_MUSER_usart_receiver> compiled
Module <Parity_gen_MUSER_usart_receiver> compiled
Module <usart_receiver> compiled
No errors in compilation
Analysis of file <"usart_receiver.prj"> succeeded.
 

=========================================================================
*                     Design Hierarchy Analysis                         *
=========================================================================
Analyzing hierarchy for module <usart_receiver> in library <work>.

Analyzing hierarchy for module <Parity_gen_MUSER_usart_receiver> in library <work>.

Analyzing hierarchy for module <SIPO_reg_MUSER_usart_receiver> in library <work>.

Analyzing hierarchy for module <nin_counter_MUSER_usart_receiver> in library <work>.

Analyzing hierarchy for module <outputreg_at_end_ofinput_MUSER_usart_receiver> in library <work>.

Analyzing hierarchy for module <Digital_Filter_MUSER_usart_receiver> in library <work>.

Analyzing hierarchy for module <Add_sub_4bit_MUSER_usart_receiver> in library <work>.

Analyzing hierarchy for module <Reg_4bit_MUSER_usart_receiver> in library <work>.

Analyzing hierarchy for module <FJKC_MXILINX_usart_receiver> in library <work> with parameters.
	INIT = "0"


=========================================================================
*                            HDL Analysis                               *
=========================================================================
Analyzing top module <usart_receiver>.
Module <usart_receiver> is correct for synthesis.
 
    Set user-defined property "INIT =  0" for instance <XLXI_67> in unit <usart_receiver>.
    Set user-defined property "INIT =  0" for instance <XLXI_69> in unit <usart_receiver>.
    Set user-defined property "INIT =  0" for instance <XLXI_71> in unit <usart_receiver>.
    Set user-defined property "INIT =  0" for instance <XLXI_73> in unit <usart_receiver>.
    Set user-defined property "INIT =  0" for instance <XLXI_74> in unit <usart_receiver>.
Analyzing module <Parity_gen_MUSER_usart_receiver> in library <work>.
Module <Parity_gen_MUSER_usart_receiver> is correct for synthesis.
 
Analyzing module <SIPO_reg_MUSER_usart_receiver> in library <work>.
Module <SIPO_reg_MUSER_usart_receiver> is correct for synthesis.
 
    Set user-defined property "INIT =  0" for instance <XLXI_1> in unit <SIPO_reg_MUSER_usart_receiver>.
    Set user-defined property "INIT =  0" for instance <XLXI_2> in unit <SIPO_reg_MUSER_usart_receiver>.
    Set user-defined property "INIT =  0" for instance <XLXI_3> in unit <SIPO_reg_MUSER_usart_receiver>.
    Set user-defined property "INIT =  0" for instance <XLXI_4> in unit <SIPO_reg_MUSER_usart_receiver>.
    Set user-defined property "INIT =  0" for instance <XLXI_5> in unit <SIPO_reg_MUSER_usart_receiver>.
    Set user-defined property "INIT =  0" for instance <XLXI_6> in unit <SIPO_reg_MUSER_usart_receiver>.
    Set user-defined property "INIT =  0" for instance <XLXI_7> in unit <SIPO_reg_MUSER_usart_receiver>.
    Set user-defined property "INIT =  0" for instance <XLXI_8> in unit <SIPO_reg_MUSER_usart_receiver>.
    Set user-defined property "INIT =  0" for instance <XLXI_9> in unit <SIPO_reg_MUSER_usart_receiver>.
    Set user-defined property "INIT =  0" for instance <XLXI_10> in unit <SIPO_reg_MUSER_usart_receiver>.
Analyzing module <nin_counter_MUSER_usart_receiver> in library <work>.
Module <nin_counter_MUSER_usart_receiver> is correct for synthesis.
 
    Set user-defined property "INIT =  0" for instance <XLXI_50> in unit <nin_counter_MUSER_usart_receiver>.
    Set user-defined property "INIT =  0" for instance <XLXI_51> in unit <nin_counter_MUSER_usart_receiver>.
Analyzing module <Add_sub_4bit_MUSER_usart_receiver> in library <work>.
Module <Add_sub_4bit_MUSER_usart_receiver> is correct for synthesis.
 
Analyzing module <Reg_4bit_MUSER_usart_receiver> in library <work>.
Module <Reg_4bit_MUSER_usart_receiver> is correct for synthesis.
 
    Set user-defined property "INIT =  0" for instance <XLXI_11> in unit <Reg_4bit_MUSER_usart_receiver>.
    Set user-defined property "INIT =  0" for instance <XLXI_12> in unit <Reg_4bit_MUSER_usart_receiver>.
    Set user-defined property "INIT =  0" for instance <XLXI_13> in unit <Reg_4bit_MUSER_usart_receiver>.
    Set user-defined property "INIT =  0" for instance <XLXI_14> in unit <Reg_4bit_MUSER_usart_receiver>.
Analyzing module <outputreg_at_end_ofinput_MUSER_usart_receiver> in library <work>.
Module <outputreg_at_end_ofinput_MUSER_usart_receiver> is correct for synthesis.
 
    Set user-defined property "INIT =  0" for instance <XLXI_12> in unit <outputreg_at_end_ofinput_MUSER_usart_receiver>.
    Set user-defined property "INIT =  0" for instance <XLXI_13> in unit <outputreg_at_end_ofinput_MUSER_usart_receiver>.
    Set user-defined property "INIT =  0" for instance <XLXI_14> in unit <outputreg_at_end_ofinput_MUSER_usart_receiver>.
    Set user-defined property "INIT =  0" for instance <XLXI_15> in unit <outputreg_at_end_ofinput_MUSER_usart_receiver>.
    Set user-defined property "INIT =  0" for instance <XLXI_16> in unit <outputreg_at_end_ofinput_MUSER_usart_receiver>.
    Set user-defined property "INIT =  0" for instance <XLXI_17> in unit <outputreg_at_end_ofinput_MUSER_usart_receiver>.
    Set user-defined property "INIT =  0" for instance <XLXI_19> in unit <outputreg_at_end_ofinput_MUSER_usart_receiver>.
    Set user-defined property "INIT =  0" for instance <XLXI_20> in unit <outputreg_at_end_ofinput_MUSER_usart_receiver>.
Analyzing module <Digital_Filter_MUSER_usart_receiver> in library <work>.
Module <Digital_Filter_MUSER_usart_receiver> is correct for synthesis.
 
    Set user-defined property "INIT =  0" for instance <XLXI_1> in unit <Digital_Filter_MUSER_usart_receiver>.
    Set user-defined property "INIT =  0" for instance <XLXI_2> in unit <Digital_Filter_MUSER_usart_receiver>.
    Set user-defined property "INIT =  0" for instance <XLXI_3> in unit <Digital_Filter_MUSER_usart_receiver>.
    Set user-defined property "INIT =  0" for instance <XLXI_4> in unit <Digital_Filter_MUSER_usart_receiver>.
    Set user-defined property "HU_SET =  XLXI_11_0" for instance <XLXI_11> in unit <Digital_Filter_MUSER_usart_receiver>.
Analyzing module <FJKC_MXILINX_usart_receiver> in library <work>.
	INIT = 1'b0
Module <FJKC_MXILINX_usart_receiver> is correct for synthesis.
 
    Set user-defined property "INIT =  0" for instance <I_36_32> in unit <FJKC_MXILINX_usart_receiver>.
    Set user-defined property "RLOC =  X0Y0" for instance <I_36_32> in unit <FJKC_MXILINX_usart_receiver>.

=========================================================================
*                           HDL Synthesis                               *
=========================================================================

Performing bidirectional port resolution...

Synthesizing Unit <Parity_gen_MUSER_usart_receiver>.
    Related source file is "usart_receiver.vf".
Unit <Parity_gen_MUSER_usart_receiver> synthesized.


Synthesizing Unit <SIPO_reg_MUSER_usart_receiver>.
    Related source file is "usart_receiver.vf".
Unit <SIPO_reg_MUSER_usart_receiver> synthesized.


Synthesizing Unit <outputreg_at_end_ofinput_MUSER_usart_receiver>.
    Related source file is "usart_receiver.vf".
Unit <outputreg_at_end_ofinput_MUSER_usart_receiver> synthesized.


Synthesizing Unit <Add_sub_4bit_MUSER_usart_receiver>.
    Related source file is "usart_receiver.vf".
Unit <Add_sub_4bit_MUSER_usart_receiver> synthesized.


Synthesizing Unit <Reg_4bit_MUSER_usart_receiver>.
    Related source file is "usart_receiver.vf".
Unit <Reg_4bit_MUSER_usart_receiver> synthesized.


Synthesizing Unit <FJKC_MXILINX_usart_receiver>.
    Related source file is "usart_receiver.vf".
Unit <FJKC_MXILINX_usart_receiver> synthesized.


Synthesizing Unit <nin_counter_MUSER_usart_receiver>.
    Related source file is "usart_receiver.vf".
Unit <nin_counter_MUSER_usart_receiver> synthesized.


Synthesizing Unit <Digital_Filter_MUSER_usart_receiver>.
    Related source file is "usart_receiver.vf".
Unit <Digital_Filter_MUSER_usart_receiver> synthesized.


Synthesizing Unit <usart_receiver>.
    Related source file is "usart_receiver.vf".
Unit <usart_receiver> synthesized.


=========================================================================
HDL Synthesis Report

Found no macro
=========================================================================

=========================================================================
*                       Advanced HDL Synthesis                          *
=========================================================================


=========================================================================
Advanced HDL Synthesis Report

Macro Statistics
# Registers                                            : 34
 Flip-Flops                                            : 34

=========================================================================

=========================================================================
*                         Low Level Synthesis                           *
=========================================================================

Optimizing unit <usart_receiver> ...

Optimizing unit <SIPO_reg_MUSER_usart_receiver> ...

Optimizing unit <outputreg_at_end_ofinput_MUSER_usart_receiver> ...

Optimizing unit <Add_sub_4bit_MUSER_usart_receiver> ...

Optimizing unit <FJKC_MXILINX_usart_receiver> ...

Optimizing unit <nin_counter_MUSER_usart_receiver> ...

Optimizing unit <Digital_Filter_MUSER_usart_receiver> ...

Mapping all equations...
Building and optimizing final netlist ...
Found area constraint ratio of 100 (+ 5) on block usart_receiver, actual ratio is 0.

Final Macro Processing ...

=========================================================================
Final Register Report

Macro Statistics
# Registers                                            : 34
 Flip-Flops                                            : 34

=========================================================================

=========================================================================
*                           Partition Report                            *
=========================================================================

Partition Implementation Status
-------------------------------

  No Partitions were found in this design.

-------------------------------

=========================================================================
*                            Final Report                               *
=========================================================================
Final Results
RTL Top Level Output File Name     : usart_receiver.ngr
Top Level Output File Name         : usart_receiver
Output Format                      : NGC
Optimization Goal                  : Speed
Keep Hierarchy                     : No

Design Statistics
# IOs                              : 14

Cell Usage :
# BELS                             : 43
#      AND2                        : 5
#      AND2B1                      : 3
#      AND3B1                      : 1
#      AND3B2                      : 1
#      AND4                        : 2
#      GND                         : 1
#      INV                         : 9
#      OR2                         : 1
#      OR3                         : 1
#      XOR2                        : 19
# FlipFlops/Latches                : 34
#      FD                          : 9
#      FDC                         : 1
#      FDCE                        : 14
#      FDRE                        : 10
# Clock Buffers                    : 1
#      BUFGP                       : 1
# IO Buffers                       : 13
#      IBUF                        : 3
#      OBUF                        : 10
# Logical                          : 2
#      NAND4                       : 1
#      NOR2                        : 1
=========================================================================

Device utilization summary:
---------------------------

Selected Device : 3s250ecp132-5 

 Number of Slices:                       20  out of   2448     0%  
 Number of Slice Flip Flops:             34  out of   4896     0%  
 Number of 4 input LUTs:                  9  out of   4896     0%  
 Number of IOs:                          14
 Number of bonded IOBs:                  14  out of     92    15%  
 Number of GCLKs:                         1  out of     24     4%  

---------------------------
Partition Resource Summary:
---------------------------

  No Partitions were found in this design.

---------------------------


=========================================================================
TIMING REPORT

NOTE: THESE TIMING NUMBERS ARE ONLY A SYNTHESIS ESTIMATE.
      FOR ACCURATE TIMING INFORMATION PLEASE REFER TO THE TRACE REPORT
      GENERATED AFTER PLACE-and-ROUTE.

Clock Information:
------------------
-----------------------------------+------------------------+-------+
Clock Signal                       | Clock buffer(FF name)  | Load  |
-----------------------------------+------------------------+-------+
CLK                                | BUFGP                  | 34    |
-----------------------------------+------------------------+-------+

Asynchronous Control Signals Information:
----------------------------------------
-----------------------------------+------------------------------+-------+
Control Signal                     | Buffer(FF name)              | Load  |
-----------------------------------+------------------------------+-------+
XLXN_246(XLXI_77:G)                | NONE(XLXI_59/XLXI_12)        | 11    |
XLXI_57/cllr(XLXI_57/XLXI_53:O)    | NONE(XLXI_57/XLXI_49/XLXI_11)| 4     |
-----------------------------------+------------------------------+-------+

Timing Summary:
---------------
Speed Grade: -5

   Minimum period: 7.192ns (Maximum Frequency: 139.047MHz)
   Minimum input arrival time before clock: 6.743ns
   Maximum output required time after clock: 4.040ns
   Maximum combinational path delay: No path found

Timing Detail:
--------------
All values displayed in nanoseconds (ns)

=========================================================================
Timing constraint: Default period analysis for Clock 'CLK'
  Clock period: 7.192ns (frequency: 139.047MHz)
  Total number of paths / destination ports: 225 / 56
-------------------------------------------------------------------------
Delay:               7.192ns (Levels of Logic = 5)
  Source:            XLXI_57/XLXI_49/XLXI_14 (FF)
  Destination:       XLXI_69 (FF)
  Source Clock:      CLK rising
  Destination Clock: CLK rising

  Data Path: XLXI_57/XLXI_49/XLXI_14 to XLXI_69
                                Gate     Net
    Cell:in->out      fanout   Delay   Delay  Logical Name (Net Name)
    ----------------------------------------  ------------
     FDCE:C->Q             2   0.514   0.380  XLXI_57/XLXI_49/XLXI_14 (XLXI_57/XLXN_109)
     INV:I->O              1   0.612   0.357  XLXI_57/XLXI_55 (XLXI_57/XLXN_213)
     NAND4:I0->O           3   0.612   0.451  XLXI_57/XLXI_45 (XLXN_223)
     AND2:I1->O           12   0.612   0.817  XLXI_66 (dec)
     INV:I->O              2   0.612   0.380  XLXI_62 (Data_Ready_1)
     AND2B1:I1->O         10   0.612   0.750  XLXI_72 (XLXN_209)
     FDCE:CE                   0.483          XLXI_69
    ----------------------------------------
    Total                      7.192ns (4.057ns logic, 3.135ns route)
                                       (56.4% logic, 43.6% route)

=========================================================================
Timing constraint: Default OFFSET IN BEFORE for Clock 'CLK'
  Total number of paths / destination ports: 29 / 29
-------------------------------------------------------------------------
Offset:              6.743ns (Levels of Logic = 5)
  Source:            CLK_Baud (PAD)
  Destination:       XLXI_69 (FF)
  Destination Clock: CLK rising

  Data Path: CLK_Baud to XLXI_69
                                Gate     Net
    Cell:in->out      fanout   Delay   Delay  Logical Name (Net Name)
    ----------------------------------------  ------------
     IBUF:I->O             2   1.106   0.380  CLK_Baud_IBUF (CLK_Baud_IBUF)
     AND2B1:I1->O          2   0.612   0.380  XLXI_68 (XLXN_190)
     AND2:I0->O           12   0.612   0.817  XLXI_66 (dec)
     INV:I->O              2   0.612   0.380  XLXI_62 (Data_Ready_1)
     AND2B1:I1->O         10   0.612   0.750  XLXI_72 (XLXN_209)
     FDCE:CE                   0.483          XLXI_69
    ----------------------------------------
    Total                      6.743ns (4.037ns logic, 2.706ns route)
                                       (59.9% logic, 40.1% route)

=========================================================================
Timing constraint: Default OFFSET OUT AFTER for Clock 'CLK'
  Total number of paths / destination ports: 10 / 10
-------------------------------------------------------------------------
Offset:              4.040ns (Levels of Logic = 1)
  Source:            XLXI_73 (FF)
  Destination:       Data_Ready (PAD)
  Source Clock:      CLK rising

  Data Path: XLXI_73 to Data_Ready
                                Gate     Net
    Cell:in->out      fanout   Delay   Delay  Logical Name (Net Name)
    ----------------------------------------  ------------
     FD:C->Q               1   0.514   0.357  XLXI_73 (Data_Ready_OBUF)
     OBUF:I->O                 3.169          Data_Ready_OBUF (Data_Ready)
    ----------------------------------------
    Total                      4.040ns (3.683ns logic, 0.357ns route)
                                       (91.2% logic, 8.8% route)

=========================================================================


Total REAL time to Xst completion: 6.00 secs
Total CPU time to Xst completion: 5.73 secs
 
--> 

Total memory usage is 301944 kilobytes

Number of errors   :    0 (   0 filtered)
Number of warnings :    0 (   0 filtered)
Number of infos    :    0 (   0 filtered)

