Release 14.2 - xst P.28xd (nt64)
Copyright (c) 1995-2012 Xilinx, Inc.  All rights reserved.
--> Parameter TMPDIR set to xst/projnav.tmp


Total REAL time to Xst completion: 8.00 secs
Total CPU time to Xst completion: 8.32 secs
 
--> Parameter xsthdpdir set to xst


Total REAL time to Xst completion: 8.00 secs
Total CPU time to Xst completion: 8.33 secs
 
--> Reading design: usart_transmiter.prj

TABLE OF CONTENTS
  1) Synthesis Options Summary
  2) HDL Compilation
  3) Design Hierarchy Analysis
  4) HDL Analysis
  5) HDL Synthesis
     5.1) HDL Synthesis Report
  6) Advanced HDL Synthesis
     6.1) Advanced HDL Synthesis Report
  7) Low Level Synthesis
  8) Partition Report
  9) Final Report
	9.1) Device utilization summary
	9.2) Partition Resource Summary
	9.3) TIMING REPORT


=========================================================================
*                      Synthesis Options Summary                        *
=========================================================================
---- Source Parameters
Input File Name                    : "usart_transmiter.prj"
Input Format                       : mixed
Ignore Synthesis Constraint File   : NO

---- Target Parameters
Output File Name                   : "usart_transmiter"
Output Format                      : NGC
Target Device                      : xc3s250e-5-cp132

---- Source Options
Top Module Name                    : usart_transmiter
Automatic FSM Extraction           : YES
FSM Encoding Algorithm             : Auto
Safe Implementation                : No
FSM Style                          : LUT
RAM Extraction                     : Yes
RAM Style                          : Auto
ROM Extraction                     : Yes
Mux Style                          : Auto
Decoder Extraction                 : YES
Priority Encoder Extraction        : Yes
Shift Register Extraction          : YES
Logical Shifter Extraction         : YES
XOR Collapsing                     : YES
ROM Style                          : Auto
Mux Extraction                     : Yes
Resource Sharing                   : YES
Asynchronous To Synchronous        : NO
Multiplier Style                   : Auto
Automatic Register Balancing       : No

---- Target Options
Add IO Buffers                     : YES
Global Maximum Fanout              : 100000
Add Generic Clock Buffer(BUFG)     : 24
Register Duplication               : YES
Slice Packing                      : YES
Optimize Instantiated Primitives   : NO
Use Clock Enable                   : Yes
Use Synchronous Set                : Yes
Use Synchronous Reset              : Yes
Pack IO Registers into IOBs        : Auto
Equivalent register Removal        : YES

---- General Options
Optimization Goal                  : Speed
Optimization Effort                : 1
Keep Hierarchy                     : No
Netlist Hierarchy                  : As_Optimized
RTL Output                         : Yes
Global Optimization                : AllClockNets
Read Cores                         : YES
Write Timing Constraints           : NO
Cross Clock Analysis               : NO
Hierarchy Separator                : /
Bus Delimiter                      : <>
Case Specifier                     : Maintain
Slice Utilization Ratio            : 100
BRAM Utilization Ratio             : 100
Verilog 2001                       : YES
Auto BRAM Packing                  : NO
Slice Utilization Ratio Delta      : 5

=========================================================================


=========================================================================
*                          HDL Compilation                              *
=========================================================================
Compiling verilog file "Reg_4bit.vf" in library work
Compiling verilog file "Add_sub_4bit.vf" in library work
Module <Reg_4bit> compiled
Compiling verilog file "Parity_gen.vf" in library work
Module <Add_sub_4bit> compiled
Compiling verilog file "decade_counter_new.vf" in library work
Module <Parity_gen> compiled
Module <Reg_4bit_MUSER_decade_counter_new> compiled
Module <Add_sub_4bit_MUSER_decade_counter_new> compiled
Compiling verilog file "bit10datareg_to_transmit.vf" in library work
Module <decade_counter_new> compiled
Compiling verilog file "usart_transmiter.vf" in library work
Module <bit10datareg_to_transmit> compiled
Module <Reg_4bit_MUSER_usart_transmiter> compiled
Module <Add_sub_4bit_MUSER_usart_transmiter> compiled
Module <decade_counter_new_MUSER_usart_transmiter> compiled
Module <bit10datareg_to_transmit_MUSER_usart_transmiter> compiled
Module <Parity_gen_MUSER_usart_transmiter> compiled
Module <usart_transmiter> compiled
No errors in compilation
Analysis of file <"usart_transmiter.prj"> succeeded.
 

=========================================================================
*                     Design Hierarchy Analysis                         *
=========================================================================
Analyzing hierarchy for module <usart_transmiter> in library <work>.

Analyzing hierarchy for module <Parity_gen_MUSER_usart_transmiter> in library <work>.

Analyzing hierarchy for module <bit10datareg_to_transmit_MUSER_usart_transmiter> in library <work>.

Analyzing hierarchy for module <decade_counter_new_MUSER_usart_transmiter> in library <work>.

Analyzing hierarchy for module <Add_sub_4bit_MUSER_usart_transmiter> in library <work>.

Analyzing hierarchy for module <Reg_4bit_MUSER_usart_transmiter> in library <work>.


=========================================================================
*                            HDL Analysis                               *
=========================================================================
Analyzing top module <usart_transmiter>.
Module <usart_transmiter> is correct for synthesis.
 
Analyzing module <Parity_gen_MUSER_usart_transmiter> in library <work>.
Module <Parity_gen_MUSER_usart_transmiter> is correct for synthesis.
 
Analyzing module <bit10datareg_to_transmit_MUSER_usart_transmiter> in library <work>.
Module <bit10datareg_to_transmit_MUSER_usart_transmiter> is correct for synthesis.
 
    Set user-defined property "INIT =  0" for instance <XLXI_60> in unit <bit10datareg_to_transmit_MUSER_usart_transmiter>.
    Set user-defined property "INIT =  0" for instance <XLXI_61> in unit <bit10datareg_to_transmit_MUSER_usart_transmiter>.
    Set user-defined property "INIT =  0" for instance <XLXI_62> in unit <bit10datareg_to_transmit_MUSER_usart_transmiter>.
    Set user-defined property "INIT =  0" for instance <XLXI_63> in unit <bit10datareg_to_transmit_MUSER_usart_transmiter>.
    Set user-defined property "INIT =  0" for instance <XLXI_64> in unit <bit10datareg_to_transmit_MUSER_usart_transmiter>.
    Set user-defined property "INIT =  0" for instance <XLXI_65> in unit <bit10datareg_to_transmit_MUSER_usart_transmiter>.
    Set user-defined property "INIT =  0" for instance <XLXI_66> in unit <bit10datareg_to_transmit_MUSER_usart_transmiter>.
    Set user-defined property "INIT =  0" for instance <XLXI_67> in unit <bit10datareg_to_transmit_MUSER_usart_transmiter>.
    Set user-defined property "INIT =  0" for instance <XLXI_68> in unit <bit10datareg_to_transmit_MUSER_usart_transmiter>.
    Set user-defined property "INIT =  0" for instance <XLXI_69> in unit <bit10datareg_to_transmit_MUSER_usart_transmiter>.
    Set user-defined property "INIT =  0" for instance <XLXI_71> in unit <bit10datareg_to_transmit_MUSER_usart_transmiter>.
Analyzing module <decade_counter_new_MUSER_usart_transmiter> in library <work>.
Module <decade_counter_new_MUSER_usart_transmiter> is correct for synthesis.
 
    Set user-defined property "INIT =  0" for instance <XLXI_50> in unit <decade_counter_new_MUSER_usart_transmiter>.
    Set user-defined property "INIT =  0" for instance <XLXI_51> in unit <decade_counter_new_MUSER_usart_transmiter>.
Analyzing module <Add_sub_4bit_MUSER_usart_transmiter> in library <work>.
Module <Add_sub_4bit_MUSER_usart_transmiter> is correct for synthesis.
 
Analyzing module <Reg_4bit_MUSER_usart_transmiter> in library <work>.
Module <Reg_4bit_MUSER_usart_transmiter> is correct for synthesis.
 
    Set user-defined property "INIT =  0" for instance <XLXI_11> in unit <Reg_4bit_MUSER_usart_transmiter>.
    Set user-defined property "INIT =  0" for instance <XLXI_12> in unit <Reg_4bit_MUSER_usart_transmiter>.
    Set user-defined property "INIT =  0" for instance <XLXI_13> in unit <Reg_4bit_MUSER_usart_transmiter>.
    Set user-defined property "INIT =  0" for instance <XLXI_14> in unit <Reg_4bit_MUSER_usart_transmiter>.

=========================================================================
*                           HDL Synthesis                               *
=========================================================================

Performing bidirectional port resolution...

Synthesizing Unit <Parity_gen_MUSER_usart_transmiter>.
    Related source file is "usart_transmiter.vf".
Unit <Parity_gen_MUSER_usart_transmiter> synthesized.


Synthesizing Unit <bit10datareg_to_transmit_MUSER_usart_transmiter>.
    Related source file is "usart_transmiter.vf".
Unit <bit10datareg_to_transmit_MUSER_usart_transmiter> synthesized.


Synthesizing Unit <Add_sub_4bit_MUSER_usart_transmiter>.
    Related source file is "usart_transmiter.vf".
Unit <Add_sub_4bit_MUSER_usart_transmiter> synthesized.


Synthesizing Unit <Reg_4bit_MUSER_usart_transmiter>.
    Related source file is "usart_transmiter.vf".
Unit <Reg_4bit_MUSER_usart_transmiter> synthesized.


Synthesizing Unit <decade_counter_new_MUSER_usart_transmiter>.
    Related source file is "usart_transmiter.vf".
Unit <decade_counter_new_MUSER_usart_transmiter> synthesized.


Synthesizing Unit <usart_transmiter>.
    Related source file is "usart_transmiter.vf".
Unit <usart_transmiter> synthesized.


=========================================================================
HDL Synthesis Report

Found no macro
=========================================================================

=========================================================================
*                       Advanced HDL Synthesis                          *
=========================================================================


=========================================================================
Advanced HDL Synthesis Report

Macro Statistics
# Registers                                            : 17
 Flip-Flops                                            : 17

=========================================================================

=========================================================================
*                         Low Level Synthesis                           *
=========================================================================

Optimizing unit <usart_transmiter> ...

Optimizing unit <bit10datareg_to_transmit_MUSER_usart_transmiter> ...

Optimizing unit <Add_sub_4bit_MUSER_usart_transmiter> ...

Optimizing unit <decade_counter_new_MUSER_usart_transmiter> ...

Mapping all equations...
Building and optimizing final netlist ...
Found area constraint ratio of 100 (+ 5) on block usart_transmiter, actual ratio is 1.

Final Macro Processing ...

=========================================================================
Final Register Report

Macro Statistics
# Registers                                            : 17
 Flip-Flops                                            : 17

=========================================================================

=========================================================================
*                           Partition Report                            *
=========================================================================

Partition Implementation Status
-------------------------------

  No Partitions were found in this design.

-------------------------------

=========================================================================
*                            Final Report                               *
=========================================================================
Final Results
RTL Top Level Output File Name     : usart_transmiter.ngr
Top Level Output File Name         : usart_transmiter
Output Format                      : NGC
Optimization Goal                  : Speed
Keep Hierarchy                     : No

Design Statistics
# IOs                              : 12

Cell Usage :
# BELS                             : 38
#      AND2                        : 4
#      GND                         : 1
#      INV                         : 3
#      MUXCY                       : 11
#      VCC                         : 1
#      XOR2                        : 18
# FlipFlops/Latches                : 17
#      FD                          : 13
#      FDCE                        : 4
# Clock Buffers                    : 1
#      BUFGP                       : 1
# IO Buffers                       : 11
#      IBUF                        : 10
#      OBUF                        : 1
# Logical                          : 11
#      NAND4                       : 11
=========================================================================

Device utilization summary:
---------------------------

Selected Device : 3s250ecp132-5 

 Number of Slices:                       25  out of   2448     1%  
 Number of Slice Flip Flops:             17  out of   4896     0%  
 Number of 4 input LUTs:                  3  out of   4896     0%  
 Number of IOs:                          12
 Number of bonded IOBs:                  12  out of     92    13%  
 Number of GCLKs:                         1  out of     24     4%  

---------------------------
Partition Resource Summary:
---------------------------

  No Partitions were found in this design.

---------------------------


=========================================================================
TIMING REPORT

NOTE: THESE TIMING NUMBERS ARE ONLY A SYNTHESIS ESTIMATE.
      FOR ACCURATE TIMING INFORMATION PLEASE REFER TO THE TRACE REPORT
      GENERATED AFTER PLACE-and-ROUTE.

Clock Information:
------------------
-----------------------------------+------------------------+-------+
Clock Signal                       | Clock buffer(FF name)  | Load  |
-----------------------------------+------------------------+-------+
CLK_Baud                           | BUFGP                  | 17    |
-----------------------------------+------------------------+-------+

Asynchronous Control Signals Information:
----------------------------------------
-----------------------------------+------------------------------+-------+
Control Signal                     | Buffer(FF name)              | Load  |
-----------------------------------+------------------------------+-------+
XLXI_39/cllr(XLXI_39/XLXI_53:O)    | NONE(XLXI_39/XLXI_49/XLXI_11)| 4     |
-----------------------------------+------------------------------+-------+

Timing Summary:
---------------
Speed Grade: -5

   Minimum period: 6.561ns (Maximum Frequency: 152.412MHz)
   Minimum input arrival time before clock: 5.291ns
   Maximum output required time after clock: 7.189ns
   Maximum combinational path delay: No path found

Timing Detail:
--------------
All values displayed in nanoseconds (ns)

=========================================================================
Timing constraint: Default period analysis for Clock 'CLK_Baud'
  Clock period: 6.561ns (frequency: 152.412MHz)
  Total number of paths / destination ports: 77 / 19
-------------------------------------------------------------------------
Delay:               6.561ns (Levels of Logic = 5)
  Source:            XLXI_39/XLXI_49/XLXI_14 (FF)
  Destination:       XLXI_39/XLXI_49/XLXI_11 (FF)
  Source Clock:      CLK_Baud rising
  Destination Clock: CLK_Baud rising

  Data Path: XLXI_39/XLXI_49/XLXI_14 to XLXI_39/XLXI_49/XLXI_11
                                Gate     Net
    Cell:in->out      fanout   Delay   Delay  Logical Name (Net Name)
    ----------------------------------------  ------------
     FDCE:C->Q            12   0.514   0.817  XLXI_39/XLXI_49/XLXI_14 (XLXI_39/XLXN_109)
     XOR2:I1->O            3   0.612   0.451  XLXI_39/XLXI_1/XLXI_9 (XLXI_39/XLXI_1/XLXN_52)
     AND2:I1->O            2   0.612   0.380  XLXI_39/XLXI_1/XLXI_35 (XLXI_39/XLXI_1/XLXN_55)
     AND2:I1->O            1   0.612   0.357  XLXI_39/XLXI_1/XLXI_34 (XLXI_39/XLXI_1/XLXN_57)
     XOR2:I1->O            1   0.612   0.357  XLXI_39/XLXI_1/XLXI_15 (XLXI_39/XLXI_1/XLXN_66)
     XOR2:I1->O            1   0.612   0.357  XLXI_39/XLXI_1/XLXI_41 (XLXI_39/XLXN_114)
     FDCE:D                    0.268          XLXI_39/XLXI_49/XLXI_11
    ----------------------------------------
    Total                      6.561ns (3.842ns logic, 2.719ns route)
                                       (58.6% logic, 41.4% route)

=========================================================================
Timing constraint: Default OFFSET IN BEFORE for Clock 'CLK_Baud'
  Total number of paths / destination ports: 21 / 14
-------------------------------------------------------------------------
Offset:              5.291ns (Levels of Logic = 5)
  Source:            Data<7> (PAD)
  Destination:       XLXI_36/XLXI_60 (FF)
  Destination Clock: CLK_Baud rising

  Data Path: Data<7> to XLXI_36/XLXI_60
                                Gate     Net
    Cell:in->out      fanout   Delay   Delay  Logical Name (Net Name)
    ----------------------------------------  ------------
     IBUF:I->O             1   1.106   0.357  Data_7_IBUF (Data_7_IBUF)
     XOR2:I0->O            1   0.612   0.357  XLXI_9/XLXI_4 (XLXI_9/XLXN_6)
     XOR2:I0->O            1   0.612   0.357  XLXI_9/XLXI_7 (XLXI_9/XLXN_10)
     XOR2:I0->O            0   0.612   0.000  XLXI_9/XLXI_8 (XLXN_42)
     MUXCY:DI->O           1   1.010   0.000  XLXI_36/XLXI_72 (XLXI_36/XLXN_137)
     FD:D                      0.268          XLXI_36/XLXI_60
    ----------------------------------------
    Total                      5.291ns (4.220ns logic, 1.071ns route)
                                       (79.8% logic, 20.2% route)

=========================================================================
Timing constraint: Default OFFSET OUT AFTER for Clock 'CLK_Baud'
  Total number of paths / destination ports: 5 / 1
-------------------------------------------------------------------------
Offset:              7.189ns (Levels of Logic = 4)
  Source:            XLXI_39/XLXI_49/XLXI_12 (FF)
  Destination:       OUT_ser (PAD)
  Source Clock:      CLK_Baud rising

  Data Path: XLXI_39/XLXI_49/XLXI_12 to OUT_ser
                                Gate     Net
    Cell:in->out      fanout   Delay   Delay  Logical Name (Net Name)
    ----------------------------------------  ------------
     FDCE:C->Q             2   0.514   0.380  XLXI_39/XLXI_49/XLXI_12 (XLXI_39/XLXN_49)
     INV:I->O             11   0.612   0.793  XLXI_39/XLXI_46 (XLXI_39/XLXN_209)
     NAND4:I2->O           2   0.612   0.000  XLXI_39/XLXI_45 (XLXN_78)
     MUXCY:S->O            1   0.752   0.357  XLXI_37 (OUT_ser_OBUF)
     OBUF:I->O                 3.169          OUT_ser_OBUF (OUT_ser)
    ----------------------------------------
    Total                      7.189ns (5.659ns logic, 1.530ns route)
                                       (78.7% logic, 21.3% route)

=========================================================================


Total REAL time to Xst completion: 29.00 secs
Total CPU time to Xst completion: 28.47 secs
 
--> 

Total memory usage is 337276 kilobytes

Number of errors   :    0 (   0 filtered)
Number of warnings :    0 (   0 filtered)
Number of infos    :    0 (   0 filtered)

